<?xml version="1.0" encoding="UTF-8"?>
<!-- Generated by org.testng.reporters.JUnitReportReporter -->
<testsuite hostname="PC" failures="0" tests="2" name="frameworkPractice.test.StandaloneTest2" time="59.952" errors="0" timestamp="2022-10-03T15:22:23 JST" skipped="0">
  <testcase classname="frameworkPractice.test.StandaloneTest2" name="orderValidation" time="22.670"/>
  <system-out/>
  <testcase classname="frameworkPractice.test.StandaloneTest2" name="submitOrder" time="37.282"/>
  <system-out/>
</testsuite> <!-- frameworkPractice.test.StandaloneTest2 -->
