<?xml version="1.0" encoding="UTF-8"?>
<!-- Generated by org.testng.reporters.JUnitReportReporter -->
<testsuite hostname="W022832204445" failures="0" tests="1" name="frameworkPractice.test.ErrorCheck1" time="22.424" errors="0" timestamp="2022-10-04T11:31:44 JST" skipped="0">
  <testcase classname="frameworkPractice.test.ErrorCheck1" name="submitOrder" time="22.424"/>
  <system-out/>
</testsuite> <!-- frameworkPractice.test.ErrorCheck1 -->
