<?xml version="1.0" encoding="UTF-8"?>
<!-- Generated by org.testng.reporters.JUnitReportReporter -->
<testsuite hostname="PC" failures="0" tests="4" name="frameworkPractice.test.StandaloneTest2" time="122.092" errors="0" timestamp="2022-10-06T11:38:38 JST" skipped="0">
  <testcase classname="frameworkPractice.test.StandaloneTest2" name="submitOrder" time="38.364"/>
  <system-out/>
  <testcase classname="frameworkPractice.test.StandaloneTest2" name="orderValidation" time="22.139"/>
  <system-out/>
  <testcase classname="frameworkPractice.test.StandaloneTest2" name="submitOrder" time="38.437"/>
  <system-out/>
  <testcase classname="frameworkPractice.test.StandaloneTest2" name="orderValidation" time="23.152"/>
  <system-out/>
</testsuite> <!-- frameworkPractice.test.StandaloneTest2 -->
