<?xml version="1.0" encoding="UTF-8"?>
<!-- Generated by org.testng.reporters.JUnitReportReporter -->
<testsuite hostname="PC" failures="0" tests="1" name="frameworkPractice.test.ErrorCheck1" time="7.391" errors="0" timestamp="2022-10-03T14:34:07 JST" skipped="0">
  <testcase classname="frameworkPractice.test.ErrorCheck1" name="submitOrder" time="7.391"/>
  <system-out/>
</testsuite> <!-- frameworkPractice.test.ErrorCheck1 -->
