<?xml version="1.0" encoding="UTF-8"?>
<!-- Generated by org.testng.reporters.JUnitReportReporter -->
<testsuite hostname="PC" failures="0" tests="1" name="cucumber.TestNGTestRunner" time="11.332" errors="0" timestamp="2022-10-20T15:02:52 JST" skipped="0">
  <testcase classname="cucumber.TestNGTestRunner" name="runScenario" time="11.332"/>
  <system-out/>
</testsuite> <!-- cucumber.TestNGTestRunner -->
