<?xml version="1.0" encoding="UTF-8"?>
<!-- Generated by org.testng.reporters.JUnitReportReporter -->
<testsuite hostname="PC" failures="0" tests="4" name="frameworkPractice.test.StandaloneTest2" time="105.884" errors="0" timestamp="2022-10-05T17:57:52 JST" skipped="0">
  <testcase classname="frameworkPractice.test.StandaloneTest2" name="orderValidation" time="21.792"/>
  <system-out/>
  <testcase classname="frameworkPractice.test.StandaloneTest2" name="submitOrder" time="23.668"/>
  <system-out/>
  <testcase classname="frameworkPractice.test.StandaloneTest2" name="orderValidation" time="21.816"/>
  <system-out/>
  <testcase classname="frameworkPractice.test.StandaloneTest2" name="submitOrder" time="38.608"/>
  <system-out/>
</testsuite> <!-- frameworkPractice.test.StandaloneTest2 -->
