<?xml version="1.0" encoding="UTF-8"?>
<!-- Generated by org.testng.reporters.JUnitReportReporter -->
<testsuite hostname="W022832204445" failures="0" tests="2" name="frameworkPractice.test.StandaloneTest2" time="51.591" errors="0" timestamp="2022-10-04T16:43:05 JST" skipped="0">
  <testcase classname="frameworkPractice.test.StandaloneTest2" name="submitOrder" time="26.440"/>
  <system-out/>
  <testcase classname="frameworkPractice.test.StandaloneTest2" name="submitOrder" time="25.151"/>
  <system-out/>
</testsuite> <!-- frameworkPractice.test.StandaloneTest2 -->
