<?xml version="1.0" encoding="UTF-8"?>
<!-- Generated by org.testng.reporters.JUnitReportReporter -->
<testsuite hostname="PC" failures="0" tests="1" name="frameworkPractice.test.StandaloneTest2" time="22.198" errors="0" timestamp="2022-09-30T18:19:11 JST" skipped="0">
  <testcase classname="frameworkPractice.test.StandaloneTest2" name="submitOrder" time="22.198"/>
  <system-out/>
</testsuite> <!-- frameworkPractice.test.StandaloneTest2 -->
