<?xml version="1.0" encoding="UTF-8"?>
<!-- Generated by org.testng.reporters.JUnitReportReporter -->
<testsuite hostname="PC" failures="0" tests="4" name="frameworkPractice.test.StandaloneTest2" time="95.953" errors="0" timestamp="2022-10-06T13:27:08 JST" skipped="0">
  <testcase classname="frameworkPractice.test.StandaloneTest2" name="orderValidation" time="22.630"/>
  <system-out/>
  <testcase classname="frameworkPractice.test.StandaloneTest2" name="submitOrder" time="25.969"/>
  <system-out/>
  <testcase classname="frameworkPractice.test.StandaloneTest2" name="submitOrder" time="25.877"/>
  <system-out/>
  <testcase classname="frameworkPractice.test.StandaloneTest2" name="orderValidation" time="21.477"/>
  <system-out/>
</testsuite> <!-- frameworkPractice.test.StandaloneTest2 -->
